==============================================================================
Tests                                                                         
==============================================================================
Tests.Test Purchase                                                           
==============================================================================
Purchase With All Users                                               | PASS |
------------------------------------------------------------------------------
Problem User Receives Error Message                                   | PASS |
------------------------------------------------------------------------------
Error User Cannot Finish                                                
  Traceback (most recent call last):
    ~~~~~~~~~~~~~~~~~~~~~~~~~~~~~~~~~~~~~~~~~~~~~~~~~~~~~~~~~~~~~~~~~~~~~~~~~~
    File  K:\Documents\Programmierung\swaglabs-tests\tests\test_purchase.robot:38
    T:  Error User Cannot Finish    
    ~~~~~~~~~~~~~~~~~~~~~~~~~~~~~~~~~~~~~~~~~~~~~~~~~~~~~~~~~~~~~~~~~~~~~~~~~~
    File  K:\Documents\Programmierung\swaglabs-tests\tests\test_purchase.robot:47
      Page Should Contain Element    css=h2.complete-header
______________________________________________________________________________
| FAIL |
Page should have contained element 'css=h2.complete-header' but did not.
------------------------------------------------------------------------------
Tests.Test Purchase                                                   | FAIL |
3 tests, 2 passed, 1 failed
==============================================================================
Tests                                                                 | FAIL |
3 tests, 2 passed, 1 failed
==============================================================================
Output:  K:\Documents\Programmierung\swaglabs-tests\pabot_results\1\results\2025-06-05_15-40-39\output.xml
